#
# There is insufficient memory for the Java Runtime Environment to continue.
# Native memory allocation (mmap) failed to map 255852544 bytes for G1 virtual space
# Possible reasons:
#   The system is out of physical RAM or swap space
#   The process is running with CompressedOops enabled, and the Java Heap may be blocking the growth of the native heap
# Possible solutions:
#   Reduce memory load on the system
#   Increase physical memory or swap space
#   Check if swap backing store is full
#   Decrease Java heap size (-Xmx/-Xms)
#   Decrease number of Java threads
#   Decrease Java thread stack sizes (-Xss)
#   Set larger code cache with -XX:ReservedCodeCacheSize=
#   JVM is running with Zero Based Compressed Oops mode in which the Java heap is
#     placed in the first 32GB address space. The Java Heap base address is the
#     maximum limit for the native heap growth. Please use -XX:HeapBaseMinAddress
#     to set the Java Heap base and to place the Java Heap above 32GB virtual address.
# This output file may be truncated or incomplete.
#
#  Out of Memory Error (os_windows.cpp:3528), pid=15552, tid=14424
#
# JRE version:  (20.0.2+9) (build )
# Java VM: Java HotSpot(TM) 64-Bit Server VM (20.0.2+9-78, mixed mode, sharing, tiered, compressed oops, compressed class ptrs, g1 gc, windows-amd64)
# No core dump will be written. Minidumps are not enabled by default on client versions of Windows
#

---------------  S U M M A R Y ------------

Command Line: -Dfile.encoding=UTF-8 -XX:+ShowCodeDetailsInExceptionMessages test.test

Host: AMD Ryzen 5 7520U with Radeon Graphics         , 8 cores, 15G,  Windows 11 , 64 bit Build 22621 (10.0.22621.1928)
Time: Tue Aug  8 22:01:12 2023 India Standard Time elapsed time: 0.106655 seconds (0d 0h 0m 0s)

---------------  T H R E A D  ---------------

Current thread (0x0000017a7a1bc7c0):  JavaThread "Unknown thread" [_thread_in_vm, id=14424, stack(0x00000010fed00000,0x00000010fee00000)]

Stack: [0x00000010fed00000,0x00000010fee00000]
Native frames: (J=compiled Java code, j=interpreted, Vv=VM code, C=native code)
V  [jvm.dll+0x6bc25a]
V  [jvm.dll+0x84971a]
V  [jvm.dll+0x84b315]
V  [jvm.dll+0x84ba13]
V  [jvm.dll+0x280e4f]
V  [jvm.dll+0x6b8fe9]
V  [jvm.dll+0x6adbca]
V  [jvm.dll+0x35b165]
V  [jvm.dll+0x363386]
V  [jvm.dll+0x3b400e]
V  [jvm.dll+0x3b4295]
V  [jvm.dll+0x32b86a]
V  [jvm.dll+0x32c68b]
V  [jvm.dll+0x8123df]
V  [jvm.dll+0x3c1261]
V  [jvm.dll+0x7fe103]
V  [jvm.dll+0x44ccaf]
V  [jvm.dll+0x44e621]
C  [jli.dll+0x5287]
C  [ucrtbase.dll+0x29363]
C  [KERNEL32.DLL+0x126ad]
C  [ntdll.dll+0x5aa68]


---------------  P R O C E S S  ---------------

Threads class SMR info:
_java_thread_list=0x00007ffc2548b118, length=0, elements={
}

Java Threads: ( => current thread )

Other Threads:
  0x0000017a7c2937b0 WorkerThread "GC Thread#0" [stack: 0x00000010fee00000,0x00000010fef00000] [id=15632]
  0x0000017a7c2c1900 ConcurrentGCThread "G1 Main Marker" [stack: 0x00000010fef00000,0x00000010ff000000] [id=30544]
  0x0000017a7c2c2330 WorkerThread "G1 Conc#0" [stack: 0x00000010ff000000,0x00000010ff100000] [id=9252]

[error occurred during error reporting (printing all threads), id 0xc0000005, EXCEPTION_ACCESS_VIOLATION (0xc0000005) at pc=0x00007ffc24c6eea7]
VM state: not at safepoint (not fully initialized)

VM Mutex/Monitor currently owned by a thread:  ([mutex/lock_event])
[0x0000017a7c225850] Heap_lock - owner thread: 0x0000017a7a1bc7c0

Heap address: 0x000000070c000000, size: 3904 MB, Compressed Oops mode: Zero based, Oop shift amount: 3

CDS archive(s) mapped at: [0x0000000000000000-0x0000000000000000-0x0000000000000000), size 0, SharedBaseAddress: 0x0000000800000000, ArchiveRelocationMode: 1.
Narrow klass base: 0x0000000000000000, Narrow klass shift: 0, Narrow klass range: 0x0

GC Precious Log:
 CardTable entry size: 512
 Card Set container configuration: InlinePtr #cards 4 size 8 Array Of Cards #cards 16 size 48 Howl #buckets 8 coarsen threshold 3686 Howl Bitmap #cards 512 size 80 coarsen threshold 460 Card regions per heap region 1 cards per card region 4096

Heap:
 garbage-first heap   total 0K, used 0K [0x000000070c000000, 0x0000000800000000)
  region size 2048K, 0 young (0K), 0 survivors (0K)

[error occurred during error reporting (printing heap information), id 0xc0000005, EXCEPTION_ACCESS_VIOLATION (0xc0000005) at pc=0x00007ffc250447b9]
GC Heap History (0 events):
No events

Dll operation events (1 events):
Event: 0.101 Loaded shared library C:\Program Files\Java\jdk-20\bin\java.dll

Deoptimization events (0 events):
No events

Classes loaded (0 events):
No events

Classes unloaded (0 events):
No events

Classes redefined (0 events):
No events

Internal exceptions (0 events):
No events

VM Operations (0 events):
No events

Events (0 events):
No events


Dynamic libraries:
0x00007ff734c40000 - 0x00007ff734c50000 	C:\Program Files\Java\jdk-20\bin\javaw.exe
0x00007ffc7d410000 - 0x00007ffc7d624000 	C:\windows\SYSTEM32\ntdll.dll
0x00007ffc7b8d0000 - 0x00007ffc7b992000 	C:\windows\System32\KERNEL32.DLL
0x00007ffc7ac50000 - 0x00007ffc7aff3000 	C:\windows\System32\KERNELBASE.dll
0x00007ffc7b030000 - 0x00007ffc7b141000 	C:\windows\System32\ucrtbase.dll
0x00007ffc57a90000 - 0x00007ffc57aab000 	C:\Program Files\Java\jdk-20\bin\VCRUNTIME140.dll
0x00007ffc5ac90000 - 0x00007ffc5aca9000 	C:\Program Files\Java\jdk-20\bin\jli.dll
0x00007ffc7bfc0000 - 0x00007ffc7c06e000 	C:\windows\System32\ADVAPI32.dll
0x00007ffc7c400000 - 0x00007ffc7c4a7000 	C:\windows\System32\msvcrt.dll
0x00007ffc7d140000 - 0x00007ffc7d1e4000 	C:\windows\System32\sechost.dll
0x00007ffc7cf90000 - 0x00007ffc7d0a7000 	C:\windows\System32\RPCRT4.dll
0x00007ffc7c250000 - 0x00007ffc7c3fa000 	C:\windows\System32\USER32.dll
0x00007ffc7b000000 - 0x00007ffc7b026000 	C:\windows\System32\win32u.dll
0x00007ffc7d110000 - 0x00007ffc7d139000 	C:\windows\System32\GDI32.dll
0x00007ffc61e80000 - 0x00007ffc6210e000 	C:\windows\WinSxS\amd64_microsoft.windows.common-controls_6595b64144ccf1df_6.0.22621.1635_none_270f70857386168e\COMCTL32.dll
0x00007ffc7a980000 - 0x00007ffc7aa99000 	C:\windows\System32\gdi32full.dll
0x00007ffc7b150000 - 0x00007ffc7b1ea000 	C:\windows\System32\msvcp_win.dll
0x00007ffc74020000 - 0x00007ffc7402a000 	C:\windows\SYSTEM32\VERSION.dll
0x00007ffc7b430000 - 0x00007ffc7b461000 	C:\windows\System32\IMM32.DLL
0x00007ffc64b70000 - 0x00007ffc64b7c000 	C:\Program Files\Java\jdk-20\bin\vcruntime140_1.dll
0x00007ffc46b70000 - 0x00007ffc46bfe000 	C:\Program Files\Java\jdk-20\bin\msvcp140.dll
0x00007ffc24930000 - 0x00007ffc255c8000 	C:\Program Files\Java\jdk-20\bin\server\jvm.dll
0x00007ffc739c0000 - 0x00007ffc739f4000 	C:\windows\SYSTEM32\WINMM.dll
0x00007ffc77430000 - 0x00007ffc77439000 	C:\windows\SYSTEM32\WSOCK32.dll
0x00007ffc7b1f0000 - 0x00007ffc7b261000 	C:\windows\System32\WS2_32.dll
0x00007ffc79850000 - 0x00007ffc79868000 	C:\windows\SYSTEM32\kernel.appcore.dll
0x00007ffc735b0000 - 0x00007ffc735ba000 	C:\Program Files\Java\jdk-20\bin\jimage.dll
0x00007ffc69da0000 - 0x00007ffc69fce000 	C:\windows\SYSTEM32\DBGHELP.DLL
0x00007ffc7b540000 - 0x00007ffc7b8c9000 	C:\windows\System32\combase.dll
0x00007ffc7ce90000 - 0x00007ffc7cf67000 	C:\windows\System32\OLEAUT32.dll
0x00007ffc69a80000 - 0x00007ffc69ab2000 	C:\windows\SYSTEM32\dbgcore.DLL
0x00007ffc7aaa0000 - 0x00007ffc7ab1a000 	C:\windows\System32\bcryptPrimitives.dll
0x00007ffc64b80000 - 0x00007ffc64ba6000 	C:\Program Files\Java\jdk-20\bin\java.dll

dbghelp: loaded successfully - version: 4.0.5 - missing functions: none
symbol engine: initialized successfully - sym options: 0x614 - pdb path: .;C:\Program Files\Java\jdk-20\bin;C:\windows\SYSTEM32;C:\windows\WinSxS\amd64_microsoft.windows.common-controls_6595b64144ccf1df_6.0.22621.1635_none_270f70857386168e;C:\Program Files\Java\jdk-20\bin\server

VM Arguments:
jvm_args: -Dfile.encoding=UTF-8 -XX:+ShowCodeDetailsInExceptionMessages 
java_command: test.test
java_class_path (initial): C:\Users\Komal Dharak\eclipse-workspace\swing\bin
Launcher Type: SUN_STANDARD

[Global flags]
     intx CICompilerCount                          = 4                                         {product} {ergonomic}
     uint ConcGCThreads                            = 2                                         {product} {ergonomic}
     uint G1ConcRefinementThreads                  = 8                                         {product} {ergonomic}
   size_t G1HeapRegionSize                         = 2097152                                   {product} {ergonomic}
    uintx GCDrainStackTargetSize                   = 64                                        {product} {ergonomic}
   size_t InitialHeapSize                          = 255852544                                 {product} {ergonomic}
   size_t MarkStackSize                            = 4194304                                   {product} {ergonomic}
   size_t MaxHeapSize                              = 4093640704                                {product} {ergonomic}
   size_t MinHeapDeltaBytes                        = 2097152                                   {product} {ergonomic}
   size_t MinHeapSize                              = 8388608                                   {product} {ergonomic}
    uintx NonNMethodCodeHeapSize                   = 5839372                                {pd product} {ergonomic}
    uintx NonProfiledCodeHeapSize                  = 122909434                              {pd product} {ergonomic}
    uintx ProfiledCodeHeapSize                     = 122909434                              {pd product} {ergonomic}
    uintx ReservedCodeCacheSize                    = 251658240                              {pd product} {ergonomic}
     bool SegmentedCodeCache                       = true                                      {product} {ergonomic}
     bool ShowCodeDetailsInExceptionMessages       = true                                   {manageable} {command line}
   size_t SoftMaxHeapSize                          = 4093640704                             {manageable} {ergonomic}
     bool UseCompressedClassPointers               = true                           {product lp64_product} {ergonomic}
     bool UseCompressedOops                        = true                           {product lp64_product} {ergonomic}
     bool UseG1GC                                  = true                                      {product} {ergonomic}
     bool UseLargePagesIndividualAllocation        = false                                  {pd product} {ergonomic}

Logging:
Log output configuration:
 #0: stdout all=warning uptime,level,tags foldmultilines=false
 #1: stderr all=off uptime,level,tags foldmultilines=false

Environment Variables:
PATH=C:/Program Files/Java/jdk-20/bin/server;C:/Program Files/Java/jdk-20/bin;C:\Program Files\Common Files\Oracle\Java\javapath;C:\windows\system32;C:\windows;C:\windows\System32\Wbem;C:\windows\System32\WindowsPowerShell\v1.0\;C:\windows\System32\OpenSSH\;C:\Users\Komal Dharak\AppData\Local\Microsoft\WindowsApps;;C:\Users\Komal Dharak\Desktop;
USERNAME=Komal Dharak
OS=Windows_NT
PROCESSOR_IDENTIFIER=AMD64 Family 23 Model 160 Stepping 0, AuthenticAMD
TMP=C:\Users\KOMALD~1\AppData\Local\Temp
TEMP=C:\Users\KOMALD~1\AppData\Local\Temp




---------------  S Y S T E M  ---------------

OS:
 Windows 11 , 64 bit Build 22621 (10.0.22621.1928)
OS uptime: 7 days 1:54 hours
Hyper-V role detected

CPU: total 8 (initial active 8) (8 cores per cpu, 2 threads per core) family 23 model 160 stepping 0 microcode 0x0, cx8, cmov, fxsr, ht, mmx, 3dnowpref, sse, sse2, sse3, ssse3, sse4a, sse4.1, sse4.2, popcnt, lzcnt, tsc, tscinvbit, avx, avx2, aes, clmul, bmi1, bmi2, adx, sha, fma, vzeroupper, clflush, clflushopt, hv, rdtscp, rdpid, f16c

Memory: 4k page, system-wide physical 15610M (3062M free)
TotalPageFile size 44601M (AvailPageFile size 242M)
current process WorkingSet (physical memory assigned to process): 11M, peak: 11M
current process commit charge ("private bytes"): 60M, peak: 304M

vm_info: Java HotSpot(TM) 64-Bit Server VM (20.0.2+9-78) for windows-amd64 JRE (20.0.2+9-78), built on 2023-06-14T10:08:48Z by "mach5one" with MS VC++ 17.1 (VS2022)

END.
